[09-Jul-2016 13:10:31 UTC] PHP Fatal error:  SQLSTATE[HY000] [1049] Unknown database 'pset8' in /home/ubuntu/workspace/pset8/vendor/library50-php-5/CS50/CS50.php on line 313
[09-Jul-2016 13:10:31 UTC] PHP Stack trace:
[09-Jul-2016 13:10:31 UTC] PHP   1. {main}() /home/ubuntu/workspace/pset8/public/update.php:0
[09-Jul-2016 13:10:31 UTC] PHP   2. CS50::query() /home/ubuntu/workspace/pset8/public/update.php:30
[09-Jul-2016 13:10:31 UTC] PHP   3. trigger_error() /home/ubuntu/workspace/pset8/vendor/library50-php-5/CS50/CS50.php:313
[09-Jul-2016 13:10:34 UTC] PHP Fatal error:  SQLSTATE[HY000] [1049] Unknown database 'pset8' in /home/ubuntu/workspace/pset8/vendor/library50-php-5/CS50/CS50.php on line 313
[09-Jul-2016 13:10:34 UTC] PHP Stack trace:
[09-Jul-2016 13:10:34 UTC] PHP   1. {main}() /home/ubuntu/workspace/pset8/public/update.php:0
[09-Jul-2016 13:10:34 UTC] PHP   2. CS50::query() /home/ubuntu/workspace/pset8/public/update.php:30
[09-Jul-2016 13:10:34 UTC] PHP   3. trigger_error() /home/ubuntu/workspace/pset8/vendor/library50-php-5/CS50/CS50.php:313
[09-Jul-2016 13:10:34 UTC] PHP Fatal error:  SQLSTATE[HY000] [1049] Unknown database 'pset8' in /home/ubuntu/workspace/pset8/vendor/library50-php-5/CS50/CS50.php on line 313
[09-Jul-2016 13:10:34 UTC] PHP Stack trace:
[09-Jul-2016 13:10:34 UTC] PHP   1. {main}() /home/ubuntu/workspace/pset8/public/update.php:0
[09-Jul-2016 13:10:34 UTC] PHP   2. CS50::query() /home/ubuntu/workspace/pset8/public/update.php:30
[09-Jul-2016 13:10:34 UTC] PHP   3. trigger_error() /home/ubuntu/workspace/pset8/vendor/library50-php-5/CS50/CS50.php:313
[09-Jul-2016 13:10:37 UTC] PHP Fatal error:  SQLSTATE[HY000] [1049] Unknown database 'pset8' in /home/ubuntu/workspace/pset8/vendor/library50-php-5/CS50/CS50.php on line 313
[09-Jul-2016 13:10:37 UTC] PHP Stack trace:
[09-Jul-2016 13:10:37 UTC] PHP   1. {main}() /home/ubuntu/workspace/pset8/public/update.php:0
[09-Jul-2016 13:10:37 UTC] PHP   2. CS50::query() /home/ubuntu/workspace/pset8/public/update.php:30
[09-Jul-2016 13:10:37 UTC] PHP   3. trigger_error() /home/ubuntu/workspace/pset8/vendor/library50-php-5/CS50/CS50.php:313
[09-Jul-2016 13:10:38 UTC] PHP Fatal error:  SQLSTATE[HY000] [1049] Unknown database 'pset8' in /home/ubuntu/workspace/pset8/vendor/library50-php-5/CS50/CS50.php on line 313
[09-Jul-2016 13:10:38 UTC] PHP Stack trace:
[09-Jul-2016 13:10:38 UTC] PHP   1. {main}() /home/ubuntu/workspace/pset8/public/update.php:0
[09-Jul-2016 13:10:38 UTC] PHP   2. CS50::query() /home/ubuntu/workspace/pset8/public/update.php:30
[09-Jul-2016 13:10:38 UTC] PHP   3. trigger_error() /home/ubuntu/workspace/pset8/vendor/library50-php-5/CS50/CS50.php:313
[09-Jul-2016 13:10:40 UTC] PHP Fatal error:  SQLSTATE[HY000] [1049] Unknown database 'pset8' in /home/ubuntu/workspace/pset8/vendor/library50-php-5/CS50/CS50.php on line 313
[09-Jul-2016 13:10:40 UTC] PHP Stack trace:
[09-Jul-2016 13:10:40 UTC] PHP   1. {main}() /home/ubuntu/workspace/pset8/public/update.php:0
[09-Jul-2016 13:10:40 UTC] PHP   2. CS50::query() /home/ubuntu/workspace/pset8/public/update.php:30
[09-Jul-2016 13:10:40 UTC] PHP   3. trigger_error() /home/ubuntu/workspace/pset8/vendor/library50-php-5/CS50/CS50.php:313
[09-Jul-2016 13:10:40 UTC] PHP Fatal error:  SQLSTATE[HY000] [1049] Unknown database 'pset8' in /home/ubuntu/workspace/pset8/vendor/library50-php-5/CS50/CS50.php on line 313
[09-Jul-2016 13:10:40 UTC] PHP Stack trace:
[09-Jul-2016 13:10:40 UTC] PHP   1. {main}() /home/ubuntu/workspace/pset8/public/update.php:0
[09-Jul-2016 13:10:40 UTC] PHP   2. CS50::query() /home/ubuntu/workspace/pset8/public/update.php:30
[09-Jul-2016 13:10:40 UTC] PHP   3. trigger_error() /home/ubuntu/workspace/pset8/vendor/library50-php-5/CS50/CS50.php:313
[09-Jul-2016 13:10:41 UTC] PHP Fatal error:  SQLSTATE[HY000] [1049] Unknown database 'pset8' in /home/ubuntu/workspace/pset8/vendor/library50-php-5/CS50/CS50.php on line 313
[09-Jul-2016 13:10:41 UTC] PHP Stack trace:
[09-Jul-2016 13:10:41 UTC] PHP   1. {main}() /home/ubuntu/workspace/pset8/public/update.php:0
[09-Jul-2016 13:10:41 UTC] PHP   2. CS50::query() /home/ubuntu/workspace/pset8/public/update.php:30
[09-Jul-2016 13:10:41 UTC] PHP   3. trigger_error() /home/ubuntu/workspace/pset8/vendor/library50-php-5/CS50/CS50.php:313
[09-Jul-2016 13:10:43 UTC] PHP Fatal error:  SQLSTATE[HY000] [1049] Unknown database 'pset8' in /home/ubuntu/workspace/pset8/vendor/library50-php-5/CS50/CS50.php on line 313
[09-Jul-2016 13:10:43 UTC] PHP Stack trace:
[09-Jul-2016 13:10:43 UTC] PHP   1. {main}() /home/ubuntu/workspace/pset8/public/update.php:0
[09-Jul-2016 13:10:43 UTC] PHP   2. CS50::query() /home/ubuntu/workspace/pset8/public/update.php:30
[09-Jul-2016 13:10:43 UTC] PHP   3. trigger_error() /home/ubuntu/workspace/pset8/vendor/library50-php-5/CS50/CS50.php:313
[09-Jul-2016 13:10:44 UTC] PHP Fatal error:  SQLSTATE[HY000] [1049] Unknown database 'pset8' in /home/ubuntu/workspace/pset8/vendor/library50-php-5/CS50/CS50.php on line 313
[09-Jul-2016 13:10:44 UTC] PHP Stack trace:
[09-Jul-2016 13:10:44 UTC] PHP   1. {main}() /home/ubuntu/workspace/pset8/public/update.php:0
[09-Jul-2016 13:10:44 UTC] PHP   2. CS50::query() /home/ubuntu/workspace/pset8/public/update.php:30
[09-Jul-2016 13:10:44 UTC] PHP   3. trigger_error() /home/ubuntu/workspace/pset8/vendor/library50-php-5/CS50/CS50.php:313
[09-Jul-2016 13:10:45 UTC] PHP Fatal error:  SQLSTATE[HY000] [1049] Unknown database 'pset8' in /home/ubuntu/workspace/pset8/vendor/library50-php-5/CS50/CS50.php on line 313
[09-Jul-2016 13:10:45 UTC] PHP Stack trace:
[09-Jul-2016 13:10:45 UTC] PHP   1. {main}() /home/ubuntu/workspace/pset8/public/update.php:0
[09-Jul-2016 13:10:45 UTC] PHP   2. CS50::query() /home/ubuntu/workspace/pset8/public/update.php:30
[09-Jul-2016 13:10:45 UTC] PHP   3. trigger_error() /home/ubuntu/workspace/pset8/vendor/library50-php-5/CS50/CS50.php:313
[09-Jul-2016 13:10:47 UTC] PHP Fatal error:  SQLSTATE[HY000] [1049] Unknown database 'pset8' in /home/ubuntu/workspace/pset8/vendor/library50-php-5/CS50/CS50.php on line 313
[09-Jul-2016 13:10:47 UTC] PHP Stack trace:
[09-Jul-2016 13:10:47 UTC] PHP   1. {main}() /home/ubuntu/workspace/pset8/public/update.php:0
[09-Jul-2016 13:10:47 UTC] PHP   2. CS50::query() /home/ubuntu/workspace/pset8/public/update.php:30
[09-Jul-2016 13:10:47 UTC] PHP   3. trigger_error() /home/ubuntu/workspace/pset8/vendor/library50-php-5/CS50/CS50.php:313
[09-Jul-2016 13:10:54 UTC] PHP Fatal error:  SQLSTATE[HY000] [1049] Unknown database 'pset8' in /home/ubuntu/workspace/pset8/vendor/library50-php-5/CS50/CS50.php on line 313
[09-Jul-2016 13:10:54 UTC] PHP Stack trace:
[09-Jul-2016 13:10:54 UTC] PHP   1. {main}() /home/ubuntu/workspace/pset8/public/update.php:0
[09-Jul-2016 13:10:54 UTC] PHP   2. CS50::query() /home/ubuntu/workspace/pset8/public/update.php:30
[09-Jul-2016 13:10:54 UTC] PHP   3. trigger_error() /home/ubuntu/workspace/pset8/vendor/library50-php-5/CS50/CS50.php:313
[09-Jul-2016 13:10:55 UTC] PHP Fatal error:  SQLSTATE[HY000] [1049] Unknown database 'pset8' in /home/ubuntu/workspace/pset8/vendor/library50-php-5/CS50/CS50.php on line 313
[09-Jul-2016 13:10:55 UTC] PHP Stack trace:
[09-Jul-2016 13:10:55 UTC] PHP   1. {main}() /home/ubuntu/workspace/pset8/public/update.php:0
[09-Jul-2016 13:10:55 UTC] PHP   2. CS50::query() /home/ubuntu/workspace/pset8/public/update.php:30
[09-Jul-2016 13:10:55 UTC] PHP   3. trigger_error() /home/ubuntu/workspace/pset8/vendor/library50-php-5/CS50/CS50.php:313
[09-Jul-2016 13:10:55 UTC] PHP Fatal error:  SQLSTATE[HY000] [1049] Unknown database 'pset8' in /home/ubuntu/workspace/pset8/vendor/library50-php-5/CS50/CS50.php on line 313
[09-Jul-2016 13:10:55 UTC] PHP Stack trace:
[09-Jul-2016 13:10:55 UTC] PHP   1. {main}() /home/ubuntu/workspace/pset8/public/update.php:0
[09-Jul-2016 13:10:55 UTC] PHP   2. CS50::query() /home/ubuntu/workspace/pset8/public/update.php:30
[09-Jul-2016 13:10:55 UTC] PHP   3. trigger_error() /home/ubuntu/workspace/pset8/vendor/library50-php-5/CS50/CS50.php:313
[09-Jul-2016 13:10:56 UTC] PHP Fatal error:  SQLSTATE[HY000] [1049] Unknown database 'pset8' in /home/ubuntu/workspace/pset8/vendor/library50-php-5/CS50/CS50.php on line 313
[09-Jul-2016 13:10:56 UTC] PHP Stack trace:
[09-Jul-2016 13:10:56 UTC] PHP   1. {main}() /home/ubuntu/workspace/pset8/public/update.php:0
[09-Jul-2016 13:10:56 UTC] PHP   2. CS50::query() /home/ubuntu/workspace/pset8/public/update.php:35
[09-Jul-2016 13:10:56 UTC] PHP   3. trigger_error() /home/ubuntu/workspace/pset8/vendor/library50-php-5/CS50/CS50.php:313
[09-Jul-2016 13:10:57 UTC] PHP Fatal error:  SQLSTATE[HY000] [1049] Unknown database 'pset8' in /home/ubuntu/workspace/pset8/vendor/library50-php-5/CS50/CS50.php on line 313
[09-Jul-2016 13:10:57 UTC] PHP Stack trace:
[09-Jul-2016 13:10:57 UTC] PHP   1. {main}() /home/ubuntu/workspace/pset8/public/update.php:0
[09-Jul-2016 13:10:57 UTC] PHP   2. CS50::query() /home/ubuntu/workspace/pset8/public/update.php:30
[09-Jul-2016 13:10:57 UTC] PHP   3. trigger_error() /home/ubuntu/workspace/pset8/vendor/library50-php-5/CS50/CS50.php:313
[09-Jul-2016 13:10:57 UTC] PHP Fatal error:  SQLSTATE[HY000] [1049] Unknown database 'pset8' in /home/ubuntu/workspace/pset8/vendor/library50-php-5/CS50/CS50.php on line 313
[09-Jul-2016 13:10:57 UTC] PHP Stack trace:
[09-Jul-2016 13:10:57 UTC] PHP   1. {main}() /home/ubuntu/workspace/pset8/public/update.php:0
[09-Jul-2016 13:10:57 UTC] PHP   2. CS50::query() /home/ubuntu/workspace/pset8/public/update.php:30
[09-Jul-2016 13:10:57 UTC] PHP   3. trigger_error() /home/ubuntu/workspace/pset8/vendor/library50-php-5/CS50/CS50.php:313
[09-Jul-2016 13:10:57 UTC] PHP Fatal error:  SQLSTATE[HY000] [1049] Unknown database 'pset8' in /home/ubuntu/workspace/pset8/vendor/library50-php-5/CS50/CS50.php on line 313
[09-Jul-2016 13:10:57 UTC] PHP Stack trace:
[09-Jul-2016 13:10:57 UTC] PHP   1. {main}() /home/ubuntu/workspace/pset8/public/update.php:0
[09-Jul-2016 13:10:57 UTC] PHP   2. CS50::query() /home/ubuntu/workspace/pset8/public/update.php:30
[09-Jul-2016 13:10:57 UTC] PHP   3. trigger_error() /home/ubuntu/workspace/pset8/vendor/library50-php-5/CS50/CS50.php:313
[09-Jul-2016 13:10:58 UTC] PHP Fatal error:  SQLSTATE[HY000] [1049] Unknown database 'pset8' in /home/ubuntu/workspace/pset8/vendor/library50-php-5/CS50/CS50.php on line 313
[09-Jul-2016 13:10:58 UTC] PHP Stack trace:
[09-Jul-2016 13:10:58 UTC] PHP   1. {main}() /home/ubuntu/workspace/pset8/public/update.php:0
[09-Jul-2016 13:10:58 UTC] PHP   2. CS50::query() /home/ubuntu/workspace/pset8/public/update.php:30
[09-Jul-2016 13:10:58 UTC] PHP   3. trigger_error() /home/ubuntu/workspace/pset8/vendor/library50-php-5/CS50/CS50.php:313
[09-Jul-2016 13:10:58 UTC] PHP Fatal error:  SQLSTATE[HY000] [1049] Unknown database 'pset8' in /home/ubuntu/workspace/pset8/vendor/library50-php-5/CS50/CS50.php on line 313
[09-Jul-2016 13:10:58 UTC] PHP Stack trace:
[09-Jul-2016 13:10:58 UTC] PHP   1. {main}() /home/ubuntu/workspace/pset8/public/update.php:0
[09-Jul-2016 13:10:58 UTC] PHP   2. CS50::query() /home/ubuntu/workspace/pset8/public/update.php:30
[09-Jul-2016 13:10:58 UTC] PHP   3. trigger_error() /home/ubuntu/workspace/pset8/vendor/library50-php-5/CS50/CS50.php:313
[09-Jul-2016 13:10:58 UTC] PHP Fatal error:  SQLSTATE[HY000] [1049] Unknown database 'pset8' in /home/ubuntu/workspace/pset8/vendor/library50-php-5/CS50/CS50.php on line 313
[09-Jul-2016 13:10:58 UTC] PHP Stack trace:
[09-Jul-2016 13:10:58 UTC] PHP   1. {main}() /home/ubuntu/workspace/pset8/public/update.php:0
[09-Jul-2016 13:10:58 UTC] PHP   2. CS50::query() /home/ubuntu/workspace/pset8/public/update.php:30
[09-Jul-2016 13:10:58 UTC] PHP   3. trigger_error() /home/ubuntu/workspace/pset8/vendor/library50-php-5/CS50/CS50.php:313
[09-Jul-2016 13:10:58 UTC] PHP Fatal error:  SQLSTATE[HY000] [1049] Unknown database 'pset8' in /home/ubuntu/workspace/pset8/vendor/library50-php-5/CS50/CS50.php on line 313
[09-Jul-2016 13:10:58 UTC] PHP Stack trace:
[09-Jul-2016 13:10:58 UTC] PHP   1. {main}() /home/ubuntu/workspace/pset8/public/update.php:0
[09-Jul-2016 13:10:58 UTC] PHP   2. CS50::query() /home/ubuntu/workspace/pset8/public/update.php:30
[09-Jul-2016 13:10:58 UTC] PHP   3. trigger_error() /home/ubuntu/workspace/pset8/vendor/library50-php-5/CS50/CS50.php:313
[09-Jul-2016 13:10:59 UTC] PHP Fatal error:  SQLSTATE[HY000] [1049] Unknown database 'pset8' in /home/ubuntu/workspace/pset8/vendor/library50-php-5/CS50/CS50.php on line 313
[09-Jul-2016 13:10:59 UTC] PHP Stack trace:
[09-Jul-2016 13:10:59 UTC] PHP   1. {main}() /home/ubuntu/workspace/pset8/public/update.php:0
[09-Jul-2016 13:10:59 UTC] PHP   2. CS50::query() /home/ubuntu/workspace/pset8/public/update.php:30
[09-Jul-2016 13:10:59 UTC] PHP   3. trigger_error() /home/ubuntu/workspace/pset8/vendor/library50-php-5/CS50/CS50.php:313
[09-Jul-2016 13:10:59 UTC] PHP Fatal error:  SQLSTATE[HY000] [1049] Unknown database 'pset8' in /home/ubuntu/workspace/pset8/vendor/library50-php-5/CS50/CS50.php on line 313
[09-Jul-2016 13:10:59 UTC] PHP Stack trace:
[09-Jul-2016 13:10:59 UTC] PHP   1. {main}() /home/ubuntu/workspace/pset8/public/update.php:0
[09-Jul-2016 13:10:59 UTC] PHP   2. CS50::query() /home/ubuntu/workspace/pset8/public/update.php:30
[09-Jul-2016 13:10:59 UTC] PHP   3. trigger_error() /home/ubuntu/workspace/pset8/vendor/library50-php-5/CS50/CS50.php:313
[09-Jul-2016 13:11:00 UTC] PHP Fatal error:  SQLSTATE[HY000] [1049] Unknown database 'pset8' in /home/ubuntu/workspace/pset8/vendor/library50-php-5/CS50/CS50.php on line 313
[09-Jul-2016 13:11:00 UTC] PHP Stack trace:
[09-Jul-2016 13:11:00 UTC] PHP   1. {main}() /home/ubuntu/workspace/pset8/public/update.php:0
[09-Jul-2016 13:11:00 UTC] PHP   2. CS50::query() /home/ubuntu/workspace/pset8/public/update.php:30
[09-Jul-2016 13:11:00 UTC] PHP   3. trigger_error() /home/ubuntu/workspace/pset8/vendor/library50-php-5/CS50/CS50.php:313
[09-Jul-2016 17:02:36 UTC] PHP Fatal error:  Class 'CS50' not found in /home/ubuntu/workspace/pset8/bin/import on line 28
[09-Jul-2016 17:02:36 UTC] PHP Stack trace:
[09-Jul-2016 17:02:36 UTC] PHP   1. {main}() /home/ubuntu/workspace/pset8/bin/import:0
[09-Jul-2016 17:04:48 UTC] PHP Warning:  require(../vendor/CS50.php): failed to open stream: No such file or directory in /home/ubuntu/workspace/pset8/bin/import on line 4
[09-Jul-2016 17:04:48 UTC] PHP Stack trace:
[09-Jul-2016 17:04:48 UTC] PHP   1. {main}() /home/ubuntu/workspace/pset8/bin/import:0
[09-Jul-2016 17:04:48 UTC] PHP Fatal error:  require(): Failed opening required '../vendor/CS50.php' (include_path='.:/usr/share/php:/usr/share/pear') in /home/ubuntu/workspace/pset8/bin/import on line 4
[09-Jul-2016 17:04:48 UTC] PHP Stack trace:
[09-Jul-2016 17:04:48 UTC] PHP   1. {main}() /home/ubuntu/workspace/pset8/bin/import:0
[09-Jul-2016 17:44:15 UTC] PHP Fatal error:  Call to undefined function query() in /home/ubuntu/workspace/pset8/public/search.php on line 12
[09-Jul-2016 17:44:15 UTC] PHP Stack trace:
[09-Jul-2016 17:44:15 UTC] PHP   1. {main}() /home/ubuntu/workspace/pset8/public/search.php:0
[09-Jul-2016 17:44:33 UTC] PHP Warning:  PDO::quote() expects parameter 1 to be string, array given in /home/ubuntu/workspace/pset8/vendor/library50-php-5/CS50/CS50.php on line 344
[09-Jul-2016 17:44:33 UTC] PHP Stack trace:
[09-Jul-2016 17:44:33 UTC] PHP   1. {main}() /home/ubuntu/workspace/pset8/public/search.php:0
[09-Jul-2016 17:44:33 UTC] PHP   2. CS50::query() /home/ubuntu/workspace/pset8/public/search.php:12
[09-Jul-2016 17:44:33 UTC] PHP   3. PDO->quote() /home/ubuntu/workspace/pset8/vendor/library50-php-5/CS50/CS50.php:344
[09-Jul-2016 17:44:33 UTC] PHP Fatal error:  You have an error in your SQL syntax; check the manual that corresponds to your MySQL server version for the right syntax to use near 'IN BOOLEAN MODE)' at line 1 in /home/ubuntu/workspace/pset8/vendor/library50-php-5/CS50/CS50.php on line 352
[09-Jul-2016 17:44:33 UTC] PHP Stack trace:
[09-Jul-2016 17:44:33 UTC] PHP   1. {main}() /home/ubuntu/workspace/pset8/public/search.php:0
[09-Jul-2016 17:44:33 UTC] PHP   2. CS50::query() /home/ubuntu/workspace/pset8/public/search.php:12
[09-Jul-2016 17:44:33 UTC] PHP   3. trigger_error() /home/ubuntu/workspace/pset8/vendor/library50-php-5/CS50/CS50.php:352
[09-Jul-2016 17:45:44 UTC] PHP Fatal error:  Can't find FULLTEXT index matching the column list in /home/ubuntu/workspace/pset8/vendor/library50-php-5/CS50/CS50.php on line 352
[09-Jul-2016 17:45:44 UTC] PHP Stack trace:
[09-Jul-2016 17:45:44 UTC] PHP   1. {main}() /home/ubuntu/workspace/pset8/public/search.php:0
[09-Jul-2016 17:45:44 UTC] PHP   2. CS50::query() /home/ubuntu/workspace/pset8/public/search.php:12
[09-Jul-2016 17:45:44 UTC] PHP   3. trigger_error() /home/ubuntu/workspace/pset8/vendor/library50-php-5/CS50/CS50.php:352
[09-Jul-2016 17:59:41 UTC] PHP Fatal error:  Can't find FULLTEXT index matching the column list in /home/ubuntu/workspace/pset8/vendor/library50-php-5/CS50/CS50.php on line 352
[09-Jul-2016 17:59:41 UTC] PHP Stack trace:
[09-Jul-2016 17:59:41 UTC] PHP   1. {main}() /home/ubuntu/workspace/pset8/public/search.php:0
[09-Jul-2016 17:59:41 UTC] PHP   2. CS50::query() /home/ubuntu/workspace/pset8/public/search.php:12
[09-Jul-2016 17:59:41 UTC] PHP   3. trigger_error() /home/ubuntu/workspace/pset8/vendor/library50-php-5/CS50/CS50.php:352
