[08-Jul-2016 08:07:21 UTC] PHP Notice:  Use of undefined constant hello - assumed 'hello' in /home/ubuntu/workspace/pset7/public/register.php on line 17
[08-Jul-2016 08:07:21 UTC] PHP Stack trace:
[08-Jul-2016 08:07:21 UTC] PHP   1. {main}() /home/ubuntu/workspace/pset7/public/register.php:0
[08-Jul-2016 08:29:48 UTC] PHP Fatal error:  Call to undefined function query() in /home/ubuntu/workspace/pset7/public/register.php on line 28
[08-Jul-2016 08:29:48 UTC] PHP Stack trace:
[08-Jul-2016 08:29:48 UTC] PHP   1. {main}() /home/ubuntu/workspace/pset7/public/register.php:0
[08-Jul-2016 08:30:36 UTC] PHP Fatal error:  Unknown column 'LAST_INSERT_ID' in 'field list' in /home/ubuntu/workspace/pset7/vendor/library50-php-5/CS50/CS50.php on line 352
[08-Jul-2016 08:30:36 UTC] PHP Stack trace:
[08-Jul-2016 08:30:36 UTC] PHP   1. {main}() /home/ubuntu/workspace/pset7/public/register.php:0
[08-Jul-2016 08:30:36 UTC] PHP   2. CS50::query() /home/ubuntu/workspace/pset7/public/register.php:34
[08-Jul-2016 08:30:36 UTC] PHP   3. trigger_error() /home/ubuntu/workspace/pset7/vendor/library50-php-5/CS50/CS50.php:352
[08-Jul-2016 08:38:56 UTC] PHP Fatal error:  Duplicate entry 'nitish' for key 'username' in /home/ubuntu/workspace/pset7/vendor/library50-php-5/CS50/CS50.php on line 352
[08-Jul-2016 08:38:56 UTC] PHP Stack trace:
[08-Jul-2016 08:38:56 UTC] PHP   1. {main}() /home/ubuntu/workspace/pset7/public/register.php:0
[08-Jul-2016 08:38:56 UTC] PHP   2. CS50::query() /home/ubuntu/workspace/pset7/public/register.php:28
[08-Jul-2016 08:38:56 UTC] PHP   3. trigger_error() /home/ubuntu/workspace/pset7/vendor/library50-php-5/CS50/CS50.php:352
[08-Jul-2016 08:42:43 UTC] PHP Fatal error:  Duplicate entry 'nitish' for key 'username' in /home/ubuntu/workspace/pset7/vendor/library50-php-5/CS50/CS50.php on line 352
[08-Jul-2016 08:42:43 UTC] PHP Stack trace:
[08-Jul-2016 08:42:43 UTC] PHP   1. {main}() /home/ubuntu/workspace/pset7/public/register.php:0
[08-Jul-2016 08:42:43 UTC] PHP   2. CS50::query() /home/ubuntu/workspace/pset7/public/register.php:28
[08-Jul-2016 08:42:43 UTC] PHP   3. trigger_error() /home/ubuntu/workspace/pset7/vendor/library50-php-5/CS50/CS50.php:352
[08-Jul-2016 08:43:41 UTC] PHP Fatal error:  Duplicate entry 'nitish' for key 'username' in /home/ubuntu/workspace/pset7/vendor/library50-php-5/CS50/CS50.php on line 352
[08-Jul-2016 08:43:41 UTC] PHP Stack trace:
[08-Jul-2016 08:43:41 UTC] PHP   1. {main}() /home/ubuntu/workspace/pset7/public/register.php:0
[08-Jul-2016 08:43:41 UTC] PHP   2. CS50::query() /home/ubuntu/workspace/pset7/public/register.php:28
[08-Jul-2016 08:43:41 UTC] PHP   3. trigger_error() /home/ubuntu/workspace/pset7/vendor/library50-php-5/CS50/CS50.php:352
[08-Jul-2016 08:44:03 UTC] PHP Fatal error:  Duplicate entry 'nitish' for key 'username' in /home/ubuntu/workspace/pset7/vendor/library50-php-5/CS50/CS50.php on line 352
[08-Jul-2016 08:44:03 UTC] PHP Stack trace:
[08-Jul-2016 08:44:03 UTC] PHP   1. {main}() /home/ubuntu/workspace/pset7/public/register.php:0
[08-Jul-2016 08:44:03 UTC] PHP   2. CS50::query() /home/ubuntu/workspace/pset7/public/register.php:28
[08-Jul-2016 08:44:03 UTC] PHP   3. trigger_error() /home/ubuntu/workspace/pset7/vendor/library50-php-5/CS50/CS50.php:352
[08-Jul-2016 08:47:00 UTC] PHP Fatal error:  Duplicate entry 'nitish' for key 'username' in /home/ubuntu/workspace/pset7/vendor/library50-php-5/CS50/CS50.php on line 352
[08-Jul-2016 08:47:00 UTC] PHP Stack trace:
[08-Jul-2016 08:47:00 UTC] PHP   1. {main}() /home/ubuntu/workspace/pset7/public/register.php:0
[08-Jul-2016 08:47:00 UTC] PHP   2. CS50::query() /home/ubuntu/workspace/pset7/public/register.php:28
[08-Jul-2016 08:47:00 UTC] PHP   3. trigger_error() /home/ubuntu/workspace/pset7/vendor/library50-php-5/CS50/CS50.php:352
[08-Jul-2016 08:49:47 UTC] PHP Fatal error:  Duplicate entry 'nitish' for key 'username' in /home/ubuntu/workspace/pset7/vendor/library50-php-5/CS50/CS50.php on line 352
[08-Jul-2016 08:49:47 UTC] PHP Stack trace:
[08-Jul-2016 08:49:47 UTC] PHP   1. {main}() /home/ubuntu/workspace/pset7/public/register.php:0
[08-Jul-2016 08:49:47 UTC] PHP   2. CS50::query() /home/ubuntu/workspace/pset7/public/register.php:28
[08-Jul-2016 08:49:47 UTC] PHP   3. trigger_error() /home/ubuntu/workspace/pset7/vendor/library50-php-5/CS50/CS50.php:352
[08-Jul-2016 08:55:06 UTC] PHP Notice:  Undefined variable: row in /home/ubuntu/workspace/pset7/public/register.php on line 44
[08-Jul-2016 08:55:06 UTC] PHP Stack trace:
[08-Jul-2016 08:55:06 UTC] PHP   1. {main}() /home/ubuntu/workspace/pset7/public/register.php:0
[08-Jul-2016 08:55:18 UTC] PHP Notice:  Undefined variable: row in /home/ubuntu/workspace/pset7/public/register.php on line 44
[08-Jul-2016 08:55:18 UTC] PHP Stack trace:
[08-Jul-2016 08:55:18 UTC] PHP   1. {main}() /home/ubuntu/workspace/pset7/public/register.php:0
[08-Jul-2016 08:56:05 UTC] PHP Notice:  Undefined variable: row in /home/ubuntu/workspace/pset7/public/register.php on line 44
[08-Jul-2016 08:56:05 UTC] PHP Stack trace:
[08-Jul-2016 08:56:05 UTC] PHP   1. {main}() /home/ubuntu/workspace/pset7/public/register.php:0
[08-Jul-2016 08:57:02 UTC] PHP Notice:  Undefined variable: row in /home/ubuntu/workspace/pset7/public/register.php on line 44
[08-Jul-2016 08:57:02 UTC] PHP Stack trace:
[08-Jul-2016 08:57:02 UTC] PHP   1. {main}() /home/ubuntu/workspace/pset7/public/register.php:0
[08-Jul-2016 10:28:53 UTC] PHP Notice:  Array to string conversion in /home/ubuntu/workspace/pset7/public/quote.php on line 20
[08-Jul-2016 10:28:53 UTC] PHP Stack trace:
[08-Jul-2016 10:28:53 UTC] PHP   1. {main}() /home/ubuntu/workspace/pset7/public/quote.php:0
[08-Jul-2016 10:39:16 UTC] PHP Warning:  number_format() expects parameter 1 to be double, string given in /home/ubuntu/workspace/pset7/public/quote.php on line 24
[08-Jul-2016 10:39:16 UTC] PHP Stack trace:
[08-Jul-2016 10:39:16 UTC] PHP   1. {main}() /home/ubuntu/workspace/pset7/public/quote.php:0
[08-Jul-2016 10:39:16 UTC] PHP   2. number_format() /home/ubuntu/workspace/pset7/public/quote.php:24
[08-Jul-2016 10:45:54 UTC] PHP Fatal error:  Invalid view: register.php in /home/ubuntu/workspace/pset7/includes/helpers.php on line 155
[08-Jul-2016 10:45:54 UTC] PHP Stack trace:
[08-Jul-2016 10:45:54 UTC] PHP   1. {main}() /home/ubuntu/workspace/pset7/public/quote.php:0
[08-Jul-2016 10:45:54 UTC] PHP   2. render() /home/ubuntu/workspace/pset7/public/quote.php:33
[08-Jul-2016 10:45:54 UTC] PHP   3. trigger_error() /home/ubuntu/workspace/pset7/includes/helpers.php:155
[08-Jul-2016 10:46:42 UTC] PHP Warning:  extract() expects parameter 1 to be array, string given in /home/ubuntu/workspace/pset7/includes/helpers.php on line 143
[08-Jul-2016 10:46:42 UTC] PHP Stack trace:
[08-Jul-2016 10:46:42 UTC] PHP   1. {main}() /home/ubuntu/workspace/pset7/public/quote.php:0
[08-Jul-2016 10:46:42 UTC] PHP   2. render() /home/ubuntu/workspace/pset7/public/quote.php:33
[08-Jul-2016 10:46:42 UTC] PHP   3. extract() /home/ubuntu/workspace/pset7/includes/helpers.php:143
[08-Jul-2016 10:46:42 UTC] PHP Notice:  Undefined variable: symbol_name in /home/ubuntu/workspace/pset7/views/quote.php on line 2
[08-Jul-2016 10:46:42 UTC] PHP Stack trace:
[08-Jul-2016 10:46:42 UTC] PHP   1. {main}() /home/ubuntu/workspace/pset7/public/quote.php:0
[08-Jul-2016 10:46:42 UTC] PHP   2. render() /home/ubuntu/workspace/pset7/public/quote.php:33
[08-Jul-2016 10:46:42 UTC] PHP   3. require() /home/ubuntu/workspace/pset7/includes/helpers.php:147
[08-Jul-2016 10:46:42 UTC] PHP Notice:  Undefined variable: symbol in /home/ubuntu/workspace/pset7/views/quote.php on line 2
[08-Jul-2016 10:46:42 UTC] PHP Stack trace:
[08-Jul-2016 10:46:42 UTC] PHP   1. {main}() /home/ubuntu/workspace/pset7/public/quote.php:0
[08-Jul-2016 10:46:42 UTC] PHP   2. render() /home/ubuntu/workspace/pset7/public/quote.php:33
[08-Jul-2016 10:46:42 UTC] PHP   3. require() /home/ubuntu/workspace/pset7/includes/helpers.php:147
[08-Jul-2016 10:46:42 UTC] PHP Notice:  Undefined variable: symbol_price in /home/ubuntu/workspace/pset7/views/quote.php on line 2
[08-Jul-2016 10:46:42 UTC] PHP Stack trace:
[08-Jul-2016 10:46:42 UTC] PHP   1. {main}() /home/ubuntu/workspace/pset7/public/quote.php:0
[08-Jul-2016 10:46:42 UTC] PHP   2. render() /home/ubuntu/workspace/pset7/public/quote.php:33
[08-Jul-2016 10:46:42 UTC] PHP   3. require() /home/ubuntu/workspace/pset7/includes/helpers.php:147
[08-Jul-2016 10:48:27 UTC] PHP Warning:  extract() expects parameter 1 to be array, string given in /home/ubuntu/workspace/pset7/includes/helpers.php on line 143
[08-Jul-2016 10:48:27 UTC] PHP Stack trace:
[08-Jul-2016 10:48:27 UTC] PHP   1. {main}() /home/ubuntu/workspace/pset7/public/quote.php:0
[08-Jul-2016 10:48:27 UTC] PHP   2. render() /home/ubuntu/workspace/pset7/public/quote.php:33
[08-Jul-2016 10:48:27 UTC] PHP   3. extract() /home/ubuntu/workspace/pset7/includes/helpers.php:143
[08-Jul-2016 10:48:27 UTC] PHP Notice:  Undefined variable: symbol_name in /home/ubuntu/workspace/pset7/views/quote.php on line 2
[08-Jul-2016 10:48:27 UTC] PHP Stack trace:
[08-Jul-2016 10:48:27 UTC] PHP   1. {main}() /home/ubuntu/workspace/pset7/public/quote.php:0
[08-Jul-2016 10:48:27 UTC] PHP   2. render() /home/ubuntu/workspace/pset7/public/quote.php:33
[08-Jul-2016 10:48:27 UTC] PHP   3. require() /home/ubuntu/workspace/pset7/includes/helpers.php:147
[08-Jul-2016 10:48:27 UTC] PHP Notice:  Undefined variable: symbol in /home/ubuntu/workspace/pset7/views/quote.php on line 2
[08-Jul-2016 10:48:27 UTC] PHP Stack trace:
[08-Jul-2016 10:48:27 UTC] PHP   1. {main}() /home/ubuntu/workspace/pset7/public/quote.php:0
[08-Jul-2016 10:48:27 UTC] PHP   2. render() /home/ubuntu/workspace/pset7/public/quote.php:33
[08-Jul-2016 10:48:27 UTC] PHP   3. require() /home/ubuntu/workspace/pset7/includes/helpers.php:147
[08-Jul-2016 10:48:27 UTC] PHP Notice:  Undefined variable: symbol_price in /home/ubuntu/workspace/pset7/views/quote.php on line 2
[08-Jul-2016 10:48:27 UTC] PHP Stack trace:
[08-Jul-2016 10:48:27 UTC] PHP   1. {main}() /home/ubuntu/workspace/pset7/public/quote.php:0
[08-Jul-2016 10:48:27 UTC] PHP   2. render() /home/ubuntu/workspace/pset7/public/quote.php:33
[08-Jul-2016 10:48:27 UTC] PHP   3. require() /home/ubuntu/workspace/pset7/includes/helpers.php:147
[08-Jul-2016 10:52:14 UTC] PHP Warning:  extract() expects parameter 1 to be array, string given in /home/ubuntu/workspace/pset7/includes/helpers.php on line 143
[08-Jul-2016 10:52:14 UTC] PHP Stack trace:
[08-Jul-2016 10:52:14 UTC] PHP   1. {main}() /home/ubuntu/workspace/pset7/public/quote.php:0
[08-Jul-2016 10:52:14 UTC] PHP   2. render() /home/ubuntu/workspace/pset7/public/quote.php:35
[08-Jul-2016 10:52:14 UTC] PHP   3. extract() /home/ubuntu/workspace/pset7/includes/helpers.php:143
[08-Jul-2016 10:52:14 UTC] PHP Notice:  Undefined variable: symbol_name in /home/ubuntu/workspace/pset7/views/quote.php on line 2
[08-Jul-2016 10:52:14 UTC] PHP Stack trace:
[08-Jul-2016 10:52:14 UTC] PHP   1. {main}() /home/ubuntu/workspace/pset7/public/quote.php:0
[08-Jul-2016 10:52:14 UTC] PHP   2. render() /home/ubuntu/workspace/pset7/public/quote.php:35
[08-Jul-2016 10:52:14 UTC] PHP   3. require() /home/ubuntu/workspace/pset7/includes/helpers.php:147
[08-Jul-2016 10:52:14 UTC] PHP Notice:  Undefined variable: symbol in /home/ubuntu/workspace/pset7/views/quote.php on line 2
[08-Jul-2016 10:52:14 UTC] PHP Stack trace:
[08-Jul-2016 10:52:14 UTC] PHP   1. {main}() /home/ubuntu/workspace/pset7/public/quote.php:0
[08-Jul-2016 10:52:14 UTC] PHP   2. render() /home/ubuntu/workspace/pset7/public/quote.php:35
[08-Jul-2016 10:52:14 UTC] PHP   3. require() /home/ubuntu/workspace/pset7/includes/helpers.php:147
[08-Jul-2016 10:52:14 UTC] PHP Notice:  Undefined variable: symbol_price in /home/ubuntu/workspace/pset7/views/quote.php on line 2
[08-Jul-2016 10:52:14 UTC] PHP Stack trace:
[08-Jul-2016 10:52:14 UTC] PHP   1. {main}() /home/ubuntu/workspace/pset7/public/quote.php:0
[08-Jul-2016 10:52:14 UTC] PHP   2. render() /home/ubuntu/workspace/pset7/public/quote.php:35
[08-Jul-2016 10:52:14 UTC] PHP   3. require() /home/ubuntu/workspace/pset7/includes/helpers.php:147
[08-Jul-2016 10:54:54 UTC] PHP Notice:  Undefined variable: symbol_arr in /home/ubuntu/workspace/pset7/views/quote.php on line 2
[08-Jul-2016 10:54:54 UTC] PHP Stack trace:
[08-Jul-2016 10:54:54 UTC] PHP   1. {main}() /home/ubuntu/workspace/pset7/public/quote.php:0
[08-Jul-2016 10:54:54 UTC] PHP   2. render() /home/ubuntu/workspace/pset7/public/quote.php:35
[08-Jul-2016 10:54:54 UTC] PHP   3. require() /home/ubuntu/workspace/pset7/includes/helpers.php:147
[08-Jul-2016 10:54:54 UTC] PHP Notice:  Undefined variable: symbol_arr in /home/ubuntu/workspace/pset7/views/quote.php on line 2
[08-Jul-2016 10:54:54 UTC] PHP Stack trace:
[08-Jul-2016 10:54:54 UTC] PHP   1. {main}() /home/ubuntu/workspace/pset7/public/quote.php:0
[08-Jul-2016 10:54:54 UTC] PHP   2. render() /home/ubuntu/workspace/pset7/public/quote.php:35
[08-Jul-2016 10:54:54 UTC] PHP   3. require() /home/ubuntu/workspace/pset7/includes/helpers.php:147
[08-Jul-2016 10:54:54 UTC] PHP Notice:  Undefined variable: symbol_arr in /home/ubuntu/workspace/pset7/views/quote.php on line 2
[08-Jul-2016 10:54:54 UTC] PHP Stack trace:
[08-Jul-2016 10:54:54 UTC] PHP   1. {main}() /home/ubuntu/workspace/pset7/public/quote.php:0
[08-Jul-2016 10:54:54 UTC] PHP   2. render() /home/ubuntu/workspace/pset7/public/quote.php:35
[08-Jul-2016 10:54:54 UTC] PHP   3. require() /home/ubuntu/workspace/pset7/includes/helpers.php:147
[08-Jul-2016 10:55:35 UTC] PHP Notice:  Undefined variable: symbol_arr in /home/ubuntu/workspace/pset7/views/quote.php on line 2
[08-Jul-2016 10:55:35 UTC] PHP Stack trace:
[08-Jul-2016 10:55:35 UTC] PHP   1. {main}() /home/ubuntu/workspace/pset7/public/quote.php:0
[08-Jul-2016 10:55:35 UTC] PHP   2. render() /home/ubuntu/workspace/pset7/public/quote.php:35
[08-Jul-2016 10:55:35 UTC] PHP   3. require() /home/ubuntu/workspace/pset7/includes/helpers.php:147
[08-Jul-2016 10:58:40 UTC] PHP Notice:  Undefined variable: symbol_price in /home/ubuntu/workspace/pset7/views/quote.php on line 2
[08-Jul-2016 10:58:40 UTC] PHP Stack trace:
[08-Jul-2016 10:58:40 UTC] PHP   1. {main}() /home/ubuntu/workspace/pset7/public/quote.php:0
[08-Jul-2016 10:58:40 UTC] PHP   2. render() /home/ubuntu/workspace/pset7/public/quote.php:35
[08-Jul-2016 10:58:40 UTC] PHP   3. require() /home/ubuntu/workspace/pset7/includes/helpers.php:147
[08-Jul-2016 11:03:07 UTC] PHP Notice:  Use of undefined constant price - assumed 'price' in /home/ubuntu/workspace/pset7/views/quote.php on line 2
[08-Jul-2016 11:03:07 UTC] PHP Stack trace:
[08-Jul-2016 11:03:07 UTC] PHP   1. {main}() /home/ubuntu/workspace/pset7/public/quote.php:0
[08-Jul-2016 11:03:07 UTC] PHP   2. render() /home/ubuntu/workspace/pset7/public/quote.php:35
[08-Jul-2016 11:03:07 UTC] PHP   3. require() /home/ubuntu/workspace/pset7/includes/helpers.php:147
[08-Jul-2016 12:21:02 UTC] PHP Fatal error:  Call to undefined function query() in /home/ubuntu/workspace/pset7/public/index.php on line 8
[08-Jul-2016 12:21:02 UTC] PHP Stack trace:
[08-Jul-2016 12:21:02 UTC] PHP   1. {main}() /home/ubuntu/workspace/pset7/public/index.php:0
[08-Jul-2016 12:21:13 UTC] PHP Fatal error:  Call to undefined function query() in /home/ubuntu/workspace/pset7/public/index.php on line 8
[08-Jul-2016 12:21:13 UTC] PHP Stack trace:
[08-Jul-2016 12:21:13 UTC] PHP   1. {main}() /home/ubuntu/workspace/pset7/public/index.php:0
[08-Jul-2016 12:21:27 UTC] PHP Fatal error:  Call to undefined function query() in /home/ubuntu/workspace/pset7/public/index.php on line 8
[08-Jul-2016 12:21:27 UTC] PHP Stack trace:
[08-Jul-2016 12:21:27 UTC] PHP   1. {main}() /home/ubuntu/workspace/pset7/public/index.php:0
[08-Jul-2016 12:21:41 UTC] PHP Fatal error:  Class 'CS50' not found in /home/ubuntu/workspace/pset7/public/index.php on line 8
[08-Jul-2016 12:21:41 UTC] PHP Stack trace:
[08-Jul-2016 12:21:41 UTC] PHP   1. {main}() /home/ubuntu/workspace/pset7/public/index.php:0
[08-Jul-2016 12:22:37 UTC] PHP Fatal error:  Unknown column 'name' in 'field list' in /home/ubuntu/workspace/pset7/vendor/library50-php-5/CS50/CS50.php on line 352
[08-Jul-2016 12:22:37 UTC] PHP Stack trace:
[08-Jul-2016 12:22:37 UTC] PHP   1. {main}() /home/ubuntu/workspace/pset7/public/index.php:0
[08-Jul-2016 12:22:37 UTC] PHP   2. CS50::query() /home/ubuntu/workspace/pset7/public/index.php:9
[08-Jul-2016 12:22:37 UTC] PHP   3. trigger_error() /home/ubuntu/workspace/pset7/vendor/library50-php-5/CS50/CS50.php:352
[08-Jul-2016 12:31:27 UTC] PHP Notice:  Undefined variable: company_name in /home/ubuntu/workspace/pset7/public/index.php on line 19
[08-Jul-2016 12:31:27 UTC] PHP Stack trace:
[08-Jul-2016 12:31:27 UTC] PHP   1. {main}() /home/ubuntu/workspace/pset7/public/index.php:0
[08-Jul-2016 12:31:27 UTC] PHP Notice:  Undefined variable: company_name in /home/ubuntu/workspace/pset7/public/index.php on line 19
[08-Jul-2016 12:31:27 UTC] PHP Stack trace:
[08-Jul-2016 12:31:27 UTC] PHP   1. {main}() /home/ubuntu/workspace/pset7/public/index.php:0
[08-Jul-2016 12:32:04 UTC] PHP Notice:  Undefined variable: company_name in /home/ubuntu/workspace/pset7/public/index.php on line 19
[08-Jul-2016 12:32:04 UTC] PHP Stack trace:
[08-Jul-2016 12:32:04 UTC] PHP   1. {main}() /home/ubuntu/workspace/pset7/public/index.php:0
[08-Jul-2016 12:32:04 UTC] PHP Notice:  Undefined variable: company_name in /home/ubuntu/workspace/pset7/public/index.php on line 19
[08-Jul-2016 12:32:04 UTC] PHP Stack trace:
[08-Jul-2016 12:32:04 UTC] PHP   1. {main}() /home/ubuntu/workspace/pset7/public/index.php:0
[08-Jul-2016 13:02:49 UTC] PHP Notice:  Undefined index: cash in /home/ubuntu/workspace/pset7/public/index.php on line 33
[08-Jul-2016 13:02:49 UTC] PHP Stack trace:
[08-Jul-2016 13:02:49 UTC] PHP   1. {main}() /home/ubuntu/workspace/pset7/public/index.php:0
[08-Jul-2016 13:07:34 UTC] PHP Notice:  A non well formed numeric value encountered in /home/ubuntu/workspace/pset7/views/portfolio.php on line 30
[08-Jul-2016 13:07:34 UTC] PHP Stack trace:
[08-Jul-2016 13:07:34 UTC] PHP   1. {main}() /home/ubuntu/workspace/pset7/public/index.php:0
[08-Jul-2016 13:07:34 UTC] PHP   2. render() /home/ubuntu/workspace/pset7/public/index.php:39
[08-Jul-2016 13:07:34 UTC] PHP   3. require() /home/ubuntu/workspace/pset7/includes/helpers.php:147
[08-Jul-2016 13:07:34 UTC] PHP   4. number_format() /home/ubuntu/workspace/pset7/views/portfolio.php:30
[08-Jul-2016 13:08:07 UTC] PHP Notice:  A non well formed numeric value encountered in /home/ubuntu/workspace/pset7/views/portfolio.php on line 30
[08-Jul-2016 13:08:07 UTC] PHP Stack trace:
[08-Jul-2016 13:08:07 UTC] PHP   1. {main}() /home/ubuntu/workspace/pset7/public/index.php:0
[08-Jul-2016 13:08:07 UTC] PHP   2. render() /home/ubuntu/workspace/pset7/public/index.php:39
[08-Jul-2016 13:08:07 UTC] PHP   3. require() /home/ubuntu/workspace/pset7/includes/helpers.php:147
[08-Jul-2016 13:08:07 UTC] PHP   4. number_format() /home/ubuntu/workspace/pset7/views/portfolio.php:30
[08-Jul-2016 14:05:19 UTC] PHP Notice:  Use of undefined constant rows - assumed 'rows' in /home/ubuntu/workspace/pset7/public/sell.php on line 13
[08-Jul-2016 14:05:19 UTC] PHP Stack trace:
[08-Jul-2016 14:05:19 UTC] PHP   1. {main}() /home/ubuntu/workspace/pset7/public/sell.php:0
[08-Jul-2016 14:07:12 UTC] PHP Parse error:  syntax error, unexpected '=', expecting ']' in /home/ubuntu/workspace/pset7/public/sell.php on line 17
[08-Jul-2016 14:07:24 UTC] PHP Parse error:  syntax error, unexpected ';', expecting ']' in /home/ubuntu/workspace/pset7/public/sell.php on line 17
[08-Jul-2016 14:23:22 UTC] PHP Fatal error:  You have an error in your SQL syntax; check the manual that corresponds to your MySQL server version for the right syntax to use near ' symbol = 'GOOG'' at line 1 in /home/ubuntu/workspace/pset7/vendor/library50-php-5/CS50/CS50.php on line 352
[08-Jul-2016 14:23:22 UTC] PHP Stack trace:
[08-Jul-2016 14:23:22 UTC] PHP   1. {main}() /home/ubuntu/workspace/pset7/public/sell.php:0
[08-Jul-2016 14:23:22 UTC] PHP   2. CS50::query() /home/ubuntu/workspace/pset7/public/sell.php:35
[08-Jul-2016 14:23:22 UTC] PHP   3. trigger_error() /home/ubuntu/workspace/pset7/vendor/library50-php-5/CS50/CS50.php:352
[08-Jul-2016 18:54:58 UTC] PHP Fatal error:  You have an error in your SQL syntax; check the manual that corresponds to your MySQL server version for the right syntax to use near ''10')' at line 1 in /home/ubuntu/workspace/pset7/vendor/library50-php-5/CS50/CS50.php on line 352
[08-Jul-2016 18:54:58 UTC] PHP Stack trace:
[08-Jul-2016 18:54:58 UTC] PHP   1. {main}() /home/ubuntu/workspace/pset7/public/buy.php:0
[08-Jul-2016 18:54:58 UTC] PHP   2. CS50::query() /home/ubuntu/workspace/pset7/public/buy.php:39
[08-Jul-2016 18:54:58 UTC] PHP   3. trigger_error() /home/ubuntu/workspace/pset7/vendor/library50-php-5/CS50/CS50.php:352
[08-Jul-2016 18:55:57 UTC] PHP Fatal error:  Call to undefined function redirecct() in /home/ubuntu/workspace/pset7/public/buy.php on line 47
[08-Jul-2016 18:55:57 UTC] PHP Stack trace:
[08-Jul-2016 18:55:57 UTC] PHP   1. {main}() /home/ubuntu/workspace/pset7/public/buy.php:0
[08-Jul-2016 18:56:31 UTC] PHP Fatal error:  Unsupported operand types in /home/ubuntu/workspace/pset7/public/sell.php on line 48
[08-Jul-2016 18:56:31 UTC] PHP Stack trace:
[08-Jul-2016 18:56:31 UTC] PHP   1. {main}() /home/ubuntu/workspace/pset7/public/sell.php:0
[08-Jul-2016 20:00:25 UTC] PHP Warning:  Invalid argument supplied for foreach() in /home/ubuntu/workspace/pset7/public/history.php on line 13
[08-Jul-2016 20:00:25 UTC] PHP Stack trace:
[08-Jul-2016 20:00:25 UTC] PHP   1. {main}() /home/ubuntu/workspace/pset7/public/history.php:0
[08-Jul-2016 20:01:39 UTC] PHP Warning:  Invalid argument supplied for foreach() in /home/ubuntu/workspace/pset7/public/history.php on line 13
[08-Jul-2016 20:01:39 UTC] PHP Stack trace:
[08-Jul-2016 20:01:39 UTC] PHP   1. {main}() /home/ubuntu/workspace/pset7/public/history.php:0
[08-Jul-2016 20:02:33 UTC] PHP Warning:  Invalid argument supplied for foreach() in /home/ubuntu/workspace/pset7/public/history.php on line 13
[08-Jul-2016 20:02:33 UTC] PHP Stack trace:
[08-Jul-2016 20:02:33 UTC] PHP   1. {main}() /home/ubuntu/workspace/pset7/public/history.php:0
[08-Jul-2016 20:03:26 UTC] PHP Warning:  Invalid argument supplied for foreach() in /home/ubuntu/workspace/pset7/public/history.php on line 13
[08-Jul-2016 20:03:26 UTC] PHP Stack trace:
[08-Jul-2016 20:03:26 UTC] PHP   1. {main}() /home/ubuntu/workspace/pset7/public/history.php:0
[08-Jul-2016 20:03:34 UTC] PHP Warning:  Invalid argument supplied for foreach() in /home/ubuntu/workspace/pset7/public/history.php on line 13
[08-Jul-2016 20:03:34 UTC] PHP Stack trace:
[08-Jul-2016 20:03:34 UTC] PHP   1. {main}() /home/ubuntu/workspace/pset7/public/history.php:0
[08-Jul-2016 20:04:00 UTC] PHP Warning:  Invalid argument supplied for foreach() in /home/ubuntu/workspace/pset7/public/history.php on line 13
[08-Jul-2016 20:04:00 UTC] PHP Stack trace:
[08-Jul-2016 20:04:00 UTC] PHP   1. {main}() /home/ubuntu/workspace/pset7/public/history.php:0
[08-Jul-2016 20:04:39 UTC] PHP Parse error:  syntax error, unexpected 'endforeach' (T_ENDFOREACH) in /home/ubuntu/workspace/pset7/public/history.php on line 21
[08-Jul-2016 20:04:50 UTC] PHP Warning:  Invalid argument supplied for foreach() in /home/ubuntu/workspace/pset7/public/history.php on line 13
[08-Jul-2016 20:04:50 UTC] PHP Stack trace:
[08-Jul-2016 20:04:50 UTC] PHP   1. {main}() /home/ubuntu/workspace/pset7/public/history.php:0
[08-Jul-2016 20:09:29 UTC] PHP Warning:  Invalid argument supplied for foreach() in /home/ubuntu/workspace/pset7/public/history.php on line 13
[08-Jul-2016 20:09:29 UTC] PHP Stack trace:
[08-Jul-2016 20:09:29 UTC] PHP   1. {main}() /home/ubuntu/workspace/pset7/public/history.php:0
[08-Jul-2016 20:10:15 UTC] PHP Warning:  Invalid argument supplied for foreach() in /home/ubuntu/workspace/pset7/public/history.php on line 13
[08-Jul-2016 20:10:15 UTC] PHP Stack trace:
[08-Jul-2016 20:10:15 UTC] PHP   1. {main}() /home/ubuntu/workspace/pset7/public/history.php:0
[08-Jul-2016 20:10:56 UTC] PHP Warning:  Invalid argument supplied for foreach() in /home/ubuntu/workspace/pset7/public/history.php on line 13
[08-Jul-2016 20:10:56 UTC] PHP Stack trace:
[08-Jul-2016 20:10:56 UTC] PHP   1. {main}() /home/ubuntu/workspace/pset7/public/history.php:0
[08-Jul-2016 20:11:45 UTC] PHP Warning:  Invalid argument supplied for foreach() in /home/ubuntu/workspace/pset7/public/history.php on line 13
[08-Jul-2016 20:11:45 UTC] PHP Stack trace:
[08-Jul-2016 20:11:45 UTC] PHP   1. {main}() /home/ubuntu/workspace/pset7/public/history.php:0
[08-Jul-2016 20:11:54 UTC] PHP Warning:  Invalid argument supplied for foreach() in /home/ubuntu/workspace/pset7/public/history.php on line 13
[08-Jul-2016 20:11:54 UTC] PHP Stack trace:
[08-Jul-2016 20:11:54 UTC] PHP   1. {main}() /home/ubuntu/workspace/pset7/public/history.php:0
[08-Jul-2016 20:13:34 UTC] PHP Warning:  Invalid argument supplied for foreach() in /home/ubuntu/workspace/pset7/public/history.php on line 13
[08-Jul-2016 20:13:34 UTC] PHP Stack trace:
[08-Jul-2016 20:13:34 UTC] PHP   1. {main}() /home/ubuntu/workspace/pset7/public/history.php:0
[08-Jul-2016 20:15:25 UTC] PHP Parse error:  syntax error, unexpected '"type"' (T_CONSTANT_ENCAPSED_STRING), expecting ']' in /home/ubuntu/workspace/pset7/public/history.php on line 22
[08-Jul-2016 20:16:16 UTC] PHP Parse error:  syntax error, unexpected '}' in /home/ubuntu/workspace/pset7/public/history.php on line 26
[08-Jul-2016 20:16:47 UTC] PHP Notice:  Undefined variable: company_details in /home/ubuntu/workspace/pset7/public/history.php on line 21
[08-Jul-2016 20:16:47 UTC] PHP Stack trace:
[08-Jul-2016 20:16:47 UTC] PHP   1. {main}() /home/ubuntu/workspace/pset7/public/history.php:0
[08-Jul-2016 20:16:47 UTC] PHP Notice:  Undefined variable: company_details in /home/ubuntu/workspace/pset7/public/history.php on line 21
[08-Jul-2016 20:16:47 UTC] PHP Stack trace:
[08-Jul-2016 20:16:47 UTC] PHP   1. {main}() /home/ubuntu/workspace/pset7/public/history.php:0
[08-Jul-2016 20:16:47 UTC] PHP Notice:  Undefined variable: company_details in /home/ubuntu/workspace/pset7/public/history.php on line 21
[08-Jul-2016 20:16:47 UTC] PHP Stack trace:
[08-Jul-2016 20:16:47 UTC] PHP   1. {main}() /home/ubuntu/workspace/pset7/public/history.php:0
[08-Jul-2016 20:16:47 UTC] PHP Notice:  Undefined variable: company_details in /home/ubuntu/workspace/pset7/public/history.php on line 21
[08-Jul-2016 20:16:47 UTC] PHP Stack trace:
[08-Jul-2016 20:16:47 UTC] PHP   1. {main}() /home/ubuntu/workspace/pset7/public/history.php:0
[08-Jul-2016 20:16:47 UTC] PHP Notice:  Undefined variable: company_details in /home/ubuntu/workspace/pset7/public/history.php on line 21
[08-Jul-2016 20:16:47 UTC] PHP Stack trace:
[08-Jul-2016 20:16:47 UTC] PHP   1. {main}() /home/ubuntu/workspace/pset7/public/history.php:0
[08-Jul-2016 20:16:47 UTC] PHP Notice:  Undefined variable: company_details in /home/ubuntu/workspace/pset7/public/history.php on line 21
[08-Jul-2016 20:16:47 UTC] PHP Stack trace:
[08-Jul-2016 20:16:47 UTC] PHP   1. {main}() /home/ubuntu/workspace/pset7/public/history.php:0
[08-Jul-2016 20:18:40 UTC] PHP Notice:  Undefined variable: company_details in /home/ubuntu/workspace/pset7/public/history.php on line 23
[08-Jul-2016 20:18:40 UTC] PHP Stack trace:
[08-Jul-2016 20:18:40 UTC] PHP   1. {main}() /home/ubuntu/workspace/pset7/public/history.php:0
[08-Jul-2016 20:18:40 UTC] PHP Notice:  Undefined variable: company_details in /home/ubuntu/workspace/pset7/public/history.php on line 23
[08-Jul-2016 20:18:40 UTC] PHP Stack trace:
[08-Jul-2016 20:18:40 UTC] PHP   1. {main}() /home/ubuntu/workspace/pset7/public/history.php:0
[08-Jul-2016 20:18:40 UTC] PHP Notice:  Undefined variable: company_details in /home/ubuntu/workspace/pset7/public/history.php on line 23
[08-Jul-2016 20:18:40 UTC] PHP Stack trace:
[08-Jul-2016 20:18:40 UTC] PHP   1. {main}() /home/ubuntu/workspace/pset7/public/history.php:0
[08-Jul-2016 20:18:40 UTC] PHP Notice:  Undefined variable: company_details in /home/ubuntu/workspace/pset7/public/history.php on line 23
[08-Jul-2016 20:18:40 UTC] PHP Stack trace:
[08-Jul-2016 20:18:40 UTC] PHP   1. {main}() /home/ubuntu/workspace/pset7/public/history.php:0
[08-Jul-2016 20:18:40 UTC] PHP Notice:  Undefined variable: company_details in /home/ubuntu/workspace/pset7/public/history.php on line 23
[08-Jul-2016 20:18:40 UTC] PHP Stack trace:
[08-Jul-2016 20:18:40 UTC] PHP   1. {main}() /home/ubuntu/workspace/pset7/public/history.php:0
[08-Jul-2016 20:18:40 UTC] PHP Notice:  Undefined variable: company_details in /home/ubuntu/workspace/pset7/public/history.php on line 23
[08-Jul-2016 20:18:40 UTC] PHP Stack trace:
[08-Jul-2016 20:18:40 UTC] PHP   1. {main}() /home/ubuntu/workspace/pset7/public/history.php:0
[08-Jul-2016 20:19:29 UTC] PHP Notice:  Undefined variable: company_details in /home/ubuntu/workspace/pset7/public/history.php on line 23
[08-Jul-2016 20:19:29 UTC] PHP Stack trace:
[08-Jul-2016 20:19:29 UTC] PHP   1. {main}() /home/ubuntu/workspace/pset7/public/history.php:0
[08-Jul-2016 20:19:29 UTC] PHP Notice:  Undefined variable: company_details in /home/ubuntu/workspace/pset7/public/history.php on line 23
[08-Jul-2016 20:19:29 UTC] PHP Stack trace:
[08-Jul-2016 20:19:29 UTC] PHP   1. {main}() /home/ubuntu/workspace/pset7/public/history.php:0
[08-Jul-2016 20:19:29 UTC] PHP Notice:  Undefined variable: company_details in /home/ubuntu/workspace/pset7/public/history.php on line 23
[08-Jul-2016 20:19:29 UTC] PHP Stack trace:
[08-Jul-2016 20:19:29 UTC] PHP   1. {main}() /home/ubuntu/workspace/pset7/public/history.php:0
[08-Jul-2016 20:19:29 UTC] PHP Notice:  Undefined variable: company_details in /home/ubuntu/workspace/pset7/public/history.php on line 23
[08-Jul-2016 20:19:29 UTC] PHP Stack trace:
[08-Jul-2016 20:19:29 UTC] PHP   1. {main}() /home/ubuntu/workspace/pset7/public/history.php:0
[08-Jul-2016 20:19:29 UTC] PHP Notice:  Undefined variable: company_details in /home/ubuntu/workspace/pset7/public/history.php on line 23
[08-Jul-2016 20:19:29 UTC] PHP Stack trace:
[08-Jul-2016 20:19:29 UTC] PHP   1. {main}() /home/ubuntu/workspace/pset7/public/history.php:0
[08-Jul-2016 20:19:29 UTC] PHP Notice:  Undefined variable: company_details in /home/ubuntu/workspace/pset7/public/history.php on line 23
[08-Jul-2016 20:19:29 UTC] PHP Stack trace:
[08-Jul-2016 20:19:29 UTC] PHP   1. {main}() /home/ubuntu/workspace/pset7/public/history.php:0
[08-Jul-2016 20:26:00 UTC] PHP Notice:  Undefined variable: company_details in /home/ubuntu/workspace/pset7/public/history.php on line 23
[08-Jul-2016 20:26:00 UTC] PHP Stack trace:
[08-Jul-2016 20:26:00 UTC] PHP   1. {main}() /home/ubuntu/workspace/pset7/public/history.php:0
[08-Jul-2016 20:26:00 UTC] PHP Notice:  Undefined variable: company_details in /home/ubuntu/workspace/pset7/public/history.php on line 23
[08-Jul-2016 20:26:00 UTC] PHP Stack trace:
[08-Jul-2016 20:26:00 UTC] PHP   1. {main}() /home/ubuntu/workspace/pset7/public/history.php:0
[08-Jul-2016 20:26:00 UTC] PHP Notice:  Undefined variable: company_details in /home/ubuntu/workspace/pset7/public/history.php on line 23
[08-Jul-2016 20:26:00 UTC] PHP Stack trace:
[08-Jul-2016 20:26:00 UTC] PHP   1. {main}() /home/ubuntu/workspace/pset7/public/history.php:0
[08-Jul-2016 20:26:00 UTC] PHP Notice:  Undefined variable: company_details in /home/ubuntu/workspace/pset7/public/history.php on line 23
[08-Jul-2016 20:26:00 UTC] PHP Stack trace:
[08-Jul-2016 20:26:00 UTC] PHP   1. {main}() /home/ubuntu/workspace/pset7/public/history.php:0
[08-Jul-2016 20:26:00 UTC] PHP Notice:  Undefined variable: company_details in /home/ubuntu/workspace/pset7/public/history.php on line 23
[08-Jul-2016 20:26:00 UTC] PHP Stack trace:
[08-Jul-2016 20:26:00 UTC] PHP   1. {main}() /home/ubuntu/workspace/pset7/public/history.php:0
[08-Jul-2016 20:26:00 UTC] PHP Notice:  Undefined variable: company_details in /home/ubuntu/workspace/pset7/public/history.php on line 23
[08-Jul-2016 20:26:00 UTC] PHP Stack trace:
[08-Jul-2016 20:26:00 UTC] PHP   1. {main}() /home/ubuntu/workspace/pset7/public/history.php:0
[08-Jul-2016 21:48:42 UTC] PHP Fatal error:  Too few placeholders in query in /home/ubuntu/workspace/pset7/vendor/library50-php-5/CS50/CS50.php on line 331
[08-Jul-2016 21:48:42 UTC] PHP Stack trace:
[08-Jul-2016 21:48:42 UTC] PHP   1. {main}() /home/ubuntu/workspace/pset7/public/profile.php:0
[08-Jul-2016 21:48:42 UTC] PHP   2. CS50::query() /home/ubuntu/workspace/pset7/public/profile.php:25
[08-Jul-2016 21:48:42 UTC] PHP   3. trigger_error() /home/ubuntu/workspace/pset7/vendor/library50-php-5/CS50/CS50.php:331
[08-Jul-2016 21:50:04 UTC] PHP Fatal error:  Too few placeholders in query in /home/ubuntu/workspace/pset7/vendor/library50-php-5/CS50/CS50.php on line 331
[08-Jul-2016 21:50:04 UTC] PHP Stack trace:
[08-Jul-2016 21:50:04 UTC] PHP   1. {main}() /home/ubuntu/workspace/pset7/public/profile.php:0
[08-Jul-2016 21:50:04 UTC] PHP   2. CS50::query() /home/ubuntu/workspace/pset7/public/profile.php:25
[08-Jul-2016 21:50:04 UTC] PHP   3. trigger_error() /home/ubuntu/workspace/pset7/vendor/library50-php-5/CS50/CS50.php:331
[08-Jul-2016 21:50:14 UTC] PHP Fatal error:  Too few placeholders in query in /home/ubuntu/workspace/pset7/vendor/library50-php-5/CS50/CS50.php on line 331
[08-Jul-2016 21:50:14 UTC] PHP Stack trace:
[08-Jul-2016 21:50:14 UTC] PHP   1. {main}() /home/ubuntu/workspace/pset7/public/profile.php:0
[08-Jul-2016 21:50:14 UTC] PHP   2. CS50::query() /home/ubuntu/workspace/pset7/public/profile.php:25
[08-Jul-2016 21:50:14 UTC] PHP   3. trigger_error() /home/ubuntu/workspace/pset7/vendor/library50-php-5/CS50/CS50.php:331
